{"/Users/moskibitskiy/pets/task-master-editor/packages/shared/src/tasksFile.ts": {"path":"/Users/moskibitskiy/pets/task-master-editor/packages/shared/src/tasksFile.ts","all":false,"statementMap":{"15":{"start":{"line":16,"column":0},"end":{"line":16,"column":57}},"16":{"start":{"line":17,"column":0},"end":{"line":17,"column":48}},"17":{"start":{"line":18,"column":0},"end":{"line":18,"column":92}},"18":{"start":{"line":19,"column":0},"end":{"line":19,"column":68}},"19":{"start":{"line":20,"column":0},"end":{"line":20,"column":68}},"20":{"start":{"line":21,"column":0},"end":{"line":21,"column":93}},"21":{"start":{"line":22,"column":0},"end":{"line":22,"column":53}},"22":{"start":{"line":23,"column":0},"end":{"line":23,"column":85}},"24":{"start":{"line":25,"column":0},"end":{"line":25,"column":69}},"25":{"start":{"line":26,"column":0},"end":{"line":26,"column":75}},"26":{"start":{"line":27,"column":0},"end":{"line":27,"column":3}},"28":{"start":{"line":29,"column":0},"end":{"line":29,"column":49}},"29":{"start":{"line":30,"column":0},"end":{"line":30,"column":83}},"30":{"start":{"line":31,"column":0},"end":{"line":31,"column":46}},"31":{"start":{"line":32,"column":0},"end":{"line":32,"column":61}},"32":{"start":{"line":33,"column":0},"end":{"line":33,"column":67}},"33":{"start":{"line":34,"column":0},"end":{"line":34,"column":3}},"34":{"start":{"line":35,"column":0},"end":{"line":35,"column":34}},"35":{"start":{"line":36,"column":0},"end":{"line":36,"column":1}},"37":{"start":{"line":38,"column":0},"end":{"line":38,"column":59}},"39":{"start":{"line":40,"column":0},"end":{"line":40,"column":87}},"40":{"start":{"line":41,"column":0},"end":{"line":41,"column":48}},"41":{"start":{"line":42,"column":0},"end":{"line":42,"column":3}},"42":{"start":{"line":43,"column":0},"end":{"line":43,"column":37}},"43":{"start":{"line":44,"column":0},"end":{"line":44,"column":1}}},"s":{"15":1,"16":6,"17":6,"18":6,"19":4,"20":6,"21":4,"22":6,"24":6,"25":1,"26":1,"28":6,"29":4,"30":4,"31":4,"32":4,"33":4,"34":2,"35":2,"37":1,"39":2,"40":1,"41":1,"42":1,"43":1},"branchMap":{"0":{"type":"branch","line":16,"loc":{"start":{"line":16,"column":7},"end":{"line":36,"column":1}},"locations":[{"start":{"line":16,"column":7},"end":{"line":36,"column":1}}]},"1":{"type":"branch","line":18,"loc":{"start":{"line":18,"column":7},"end":{"line":18,"column":55}},"locations":[{"start":{"line":18,"column":7},"end":{"line":18,"column":55}}]},"2":{"type":"branch","line":18,"loc":{"start":{"line":18,"column":55},"end":{"line":18,"column":92}},"locations":[{"start":{"line":18,"column":55},"end":{"line":18,"column":92}}]},"3":{"type":"branch","line":18,"loc":{"start":{"line":18,"column":90},"end":{"line":19,"column":40}},"locations":[{"start":{"line":18,"column":90},"end":{"line":19,"column":40}}]},"4":{"type":"branch","line":19,"loc":{"start":{"line":19,"column":34},"end":{"line":19,"column":68}},"locations":[{"start":{"line":19,"column":34},"end":{"line":19,"column":68}}]},"5":{"type":"branch","line":19,"loc":{"start":{"line":19,"column":66},"end":{"line":21,"column":59}},"locations":[{"start":{"line":19,"column":66},"end":{"line":21,"column":59}}]},"6":{"type":"branch","line":21,"loc":{"start":{"line":21,"column":59},"end":{"line":21,"column":93}},"locations":[{"start":{"line":21,"column":59},"end":{"line":21,"column":93}}]},"7":{"type":"branch","line":21,"loc":{"start":{"line":21,"column":91},"end":{"line":23,"column":42}},"locations":[{"start":{"line":21,"column":91},"end":{"line":23,"column":42}}]},"8":{"type":"branch","line":23,"loc":{"start":{"line":23,"column":36},"end":{"line":23,"column":85}},"locations":[{"start":{"line":23,"column":36},"end":{"line":23,"column":85}}]},"9":{"type":"branch","line":23,"loc":{"start":{"line":23,"column":83},"end":{"line":25,"column":35}},"locations":[{"start":{"line":23,"column":83},"end":{"line":25,"column":35}}]},"10":{"type":"branch","line":25,"loc":{"start":{"line":25,"column":30},"end":{"line":25,"column":68}},"locations":[{"start":{"line":25,"column":30},"end":{"line":25,"column":68}}]},"11":{"type":"branch","line":25,"loc":{"start":{"line":25,"column":68},"end":{"line":27,"column":3}},"locations":[{"start":{"line":25,"column":68},"end":{"line":27,"column":3}}]},"12":{"type":"branch","line":27,"loc":{"start":{"line":27,"column":2},"end":{"line":29,"column":48}},"locations":[{"start":{"line":27,"column":2},"end":{"line":29,"column":48}}]},"13":{"type":"branch","line":29,"loc":{"start":{"line":29,"column":48},"end":{"line":34,"column":3}},"locations":[{"start":{"line":29,"column":48},"end":{"line":34,"column":3}}]},"14":{"type":"branch","line":30,"loc":{"start":{"line":30,"column":44},"end":{"line":30,"column":83}},"locations":[{"start":{"line":30,"column":44},"end":{"line":30,"column":83}}]},"15":{"type":"branch","line":32,"loc":{"start":{"line":32,"column":25},"end":{"line":32,"column":61}},"locations":[{"start":{"line":32,"column":25},"end":{"line":32,"column":61}}]},"16":{"type":"branch","line":33,"loc":{"start":{"line":33,"column":28},"end":{"line":33,"column":67}},"locations":[{"start":{"line":33,"column":28},"end":{"line":33,"column":67}}]},"17":{"type":"branch","line":34,"loc":{"start":{"line":34,"column":2},"end":{"line":36,"column":1}},"locations":[{"start":{"line":34,"column":2},"end":{"line":36,"column":1}}]},"18":{"type":"branch","line":38,"loc":{"start":{"line":38,"column":7},"end":{"line":44,"column":1}},"locations":[{"start":{"line":38,"column":7},"end":{"line":44,"column":1}}]},"19":{"type":"branch","line":40,"loc":{"start":{"line":40,"column":43},"end":{"line":40,"column":86}},"locations":[{"start":{"line":40,"column":43},"end":{"line":40,"column":86}}]},"20":{"type":"branch","line":40,"loc":{"start":{"line":40,"column":86},"end":{"line":44,"column":1}},"locations":[{"start":{"line":40,"column":86},"end":{"line":44,"column":1}}]}},"b":{"0":[6],"1":[5],"2":[1],"3":[5],"4":[1],"5":[4],"6":[0],"7":[4],"8":[1],"9":[3],"10":[2],"11":[1],"12":[2],"13":[4],"14":[0],"15":[0],"16":[0],"17":[2],"18":[2],"19":[1],"20":[1]},"fnMap":{"0":{"name":"parseTasksFile","decl":{"start":{"line":16,"column":7},"end":{"line":36,"column":1}},"loc":{"start":{"line":16,"column":7},"end":{"line":36,"column":1}},"line":16},"1":{"name":"serializeTasksFile","decl":{"start":{"line":38,"column":7},"end":{"line":44,"column":1}},"loc":{"start":{"line":38,"column":7},"end":{"line":44,"column":1}},"line":38}},"f":{"0":6,"1":2}}
}
